<?xml version="1.0" encoding="UTF-8"?>
<testsuite name="com.example.sistemaedu.SistemaeduApplicationTests" tests="1" skipped="0" failures="0" errors="0" timestamp="2024-11-22T00:40:06" hostname="MIGUELFEOPC" time="0.58">
  <properties/>
  <testcase name="contextLoads()" classname="com.example.sistemaedu.SistemaeduApplicationTests" time="0.58"/>
  <system-out><![CDATA[19:39:57.591 [Test worker] INFO org.springframework.test.context.support.AnnotationConfigContextLoaderUtils -- Could not detect default configuration classes for test class [com.example.sistemaedu.SistemaeduApplicationTests]: SistemaeduApplicationTests does not declare any static, non-private, non-final, nested classes annotated with @Configuration.
19:39:57.754 [Test worker] INFO org.springframework.boot.test.context.SpringBootTestContextBootstrapper -- Found @SpringBootConfiguration com.example.sistemaedu.SistemaeduApplication for test class com.example.sistemaedu.SistemaeduApplicationTests

  .   ____          _            __ _ _
 /\\ / ___'_ __ _ _(_)_ __  __ _ \ \ \ \
( ( )\___ | '_ | '_| | '_ \/ _` | \ \ \ \
 \\/  ___)| |_)| | | | | || (_| |  ) ) ) )
  '  |____| .__|_| |_|_| |_\__, | / / / /
 =========|_|==============|___/=/_/_/_/

 :: Spring Boot ::                (v3.3.3)

2024-11-21T19:39:58.320-05:00  INFO 5788 --- [sistemaedu] [    Test worker] c.e.s.SistemaeduApplicationTests         : Starting SistemaeduApplicationTests using Java 17.0.11 with PID 5788 (started by mfeom in C:\DiseÃ±o de Software\SistEducacion\sistemaedu)
2024-11-21T19:39:58.322-05:00  INFO 5788 --- [sistemaedu] [    Test worker] c.e.s.SistemaeduApplicationTests         : No active profile set, falling back to 1 default profile: "default"
2024-11-21T19:39:59.464-05:00  INFO 5788 --- [sistemaedu] [    Test worker] .s.d.r.c.RepositoryConfigurationDelegate : Bootstrapping Spring Data JPA repositories in DEFAULT mode.
2024-11-21T19:39:59.540-05:00  INFO 5788 --- [sistemaedu] [    Test worker] .s.d.r.c.RepositoryConfigurationDelegate : Finished Spring Data repository scanning in 64 ms. Found 3 JPA repository interfaces.
2024-11-21T19:40:00.090-05:00  INFO 5788 --- [sistemaedu] [    Test worker] com.zaxxer.hikari.HikariDataSource       : HikariPool-1 - Starting...
2024-11-21T19:40:01.116-05:00  INFO 5788 --- [sistemaedu] [    Test worker] com.zaxxer.hikari.pool.HikariPool        : HikariPool-1 - Added connection com.mysql.cj.jdbc.ConnectionImpl@7b338d46
2024-11-21T19:40:01.121-05:00  INFO 5788 --- [sistemaedu] [    Test worker] com.zaxxer.hikari.HikariDataSource       : HikariPool-1 - Start completed.
2024-11-21T19:40:01.217-05:00  INFO 5788 --- [sistemaedu] [    Test worker] o.hibernate.jpa.internal.util.LogHelper  : HHH000204: Processing PersistenceUnitInfo [name: default]
2024-11-21T19:40:01.384-05:00  INFO 5788 --- [sistemaedu] [    Test worker] org.hibernate.Version                    : HHH000412: Hibernate ORM core version 6.5.2.Final
2024-11-21T19:40:01.451-05:00  INFO 5788 --- [sistemaedu] [    Test worker] o.h.c.internal.RegionFactoryInitiator    : HHH000026: Second-level cache disabled
2024-11-21T19:40:01.986-05:00  INFO 5788 --- [sistemaedu] [    Test worker] o.s.o.j.p.SpringPersistenceUnitInfo      : No LoadTimeWeaver setup: ignoring JPA class transformer
2024-11-21T19:40:02.392-05:00  WARN 5788 --- [sistemaedu] [    Test worker] org.hibernate.orm.deprecation            : HHH90000025: MySQLDialect does not need to be specified explicitly using 'hibernate.dialect' (remove the property setting and it will be selected by default)
2024-11-21T19:40:03.800-05:00  INFO 5788 --- [sistemaedu] [    Test worker] o.h.e.t.j.p.i.JtaPlatformInitiator       : HHH000489: No JTA platform available (set 'hibernate.transaction.jta.platform' to enable JTA platform integration)
2024-11-21T19:40:03.804-05:00  INFO 5788 --- [sistemaedu] [    Test worker] j.LocalContainerEntityManagerFactoryBean : Initialized JPA EntityManagerFactory for persistence unit 'default'
2024-11-21T19:40:05.027-05:00  WARN 5788 --- [sistemaedu] [    Test worker] JpaBaseConfiguration$JpaWebConfiguration : spring.jpa.open-in-view is enabled by default. Therefore, database queries may be performed during view rendering. Explicitly configure spring.jpa.open-in-view to disable this warning
2024-11-21T19:40:05.898-05:00  INFO 5788 --- [sistemaedu] [    Test worker] o.s.a.r.c.CachingConnectionFactory       : Attempting to connect to: [localhost:5672]
2024-11-21T19:40:06.000-05:00  INFO 5788 --- [sistemaedu] [    Test worker] o.s.a.r.c.CachingConnectionFactory       : Created new connection: rabbitConnectionFactory#35f6a35e:0/SimpleConnection@7350ea22 [delegate=amqp://guest@127.0.0.1:5672/, localPort=60131]
2024-11-21T19:40:06.110-05:00  INFO 5788 --- [sistemaedu] [    Test worker] c.e.s.SistemaeduApplicationTests         : Started SistemaeduApplicationTests in 8.094 seconds (process running for 10.083)
]]></system-out>
  <system-err><![CDATA[]]></system-err>
</testsuite>
