<?xml version="1.0" encoding="UTF-8"?>
<testsuite name="com.example.sistemaedu.logica.EstudianteServiceTest" tests="16" skipped="0" failures="0" errors="0" timestamp="2024-11-19T02:59:02" hostname="MIGUELFEOPC" time="0.697">
  <properties/>
  <testcase name="Given_promedioInvalidoMenorA0_When_actualizarEstudiante_Then_throwIllegalArgumentException()" classname="com.example.sistemaedu.logica.EstudianteServiceTest" time="0.477"/>
  <testcase name="Given_promedioInvalidoMayorA5_When_guardarEstudiante_Then_throwIllegalArgumentException()" classname="com.example.sistemaedu.logica.EstudianteServiceTest" time="0.005"/>
  <testcase name="Given_promedioInvalidoMayorA5_When_actualizarEstudiante_Then_throwIllegalArgumentException()" classname="com.example.sistemaedu.logica.EstudianteServiceTest" time="0.005"/>
  <testcase name="Given_semestreInvalidoMayorA14_When_guardarEstudiante_Then_throwIllegalArgumentException()" classname="com.example.sistemaedu.logica.EstudianteServiceTest" time="0.005"/>
  <testcase name="Given_emailExistente_When_guardarEstudiante_Then_throwIllegalArgumentException()" classname="com.example.sistemaedu.logica.EstudianteServiceTest" time="0.104"/>
  <testcase name="Given_promedioInvalidoMenorA0_When_guardarEstudiante_Then_throwIllegalArgumentException()" classname="com.example.sistemaedu.logica.EstudianteServiceTest" time="0.004"/>
  <testcase name="Given_emailExistente_When_actualizarEstudiante_Then_throwIllegalArgumentException()" classname="com.example.sistemaedu.logica.EstudianteServiceTest" time="0.007"/>
  <testcase name="Given_edadInvalidoMayorA100_When_guardarEstudiante_Then_throwIllegalArgumentException()" classname="com.example.sistemaedu.logica.EstudianteServiceTest" time="0.004"/>
  <testcase name="Given_semestreInvalidoMenorA0_When_actualizarEstudiante_Then_throwIllegalArgumentException()" classname="com.example.sistemaedu.logica.EstudianteServiceTest" time="0.005"/>
  <testcase name="Given_semestreInvalidoMayorA14_When_actualizarEstudiante_Then_throwIllegalArgumentException()" classname="com.example.sistemaedu.logica.EstudianteServiceTest" time="0.004"/>
  <testcase name="Given_edadInvalidoMenorA0_When_actualizarEstudiante_Then_throwIllegalArgumentException()" classname="com.example.sistemaedu.logica.EstudianteServiceTest" time="0.003"/>
  <testcase name="Given_semestreInvalidoMenorA0_When_guardarEstudiante_Then_throwIllegalArgumentException()" classname="com.example.sistemaedu.logica.EstudianteServiceTest" time="0.004"/>
  <testcase name="Given_edadInvalidoMayorA100_When_actualizarEstudiante_Then_throwIllegalArgumentException()" classname="com.example.sistemaedu.logica.EstudianteServiceTest" time="0.006"/>
  <testcase name="When_actualizarEstudiante_Then_returnTrue()" classname="com.example.sistemaedu.logica.EstudianteServiceTest" time="0.029"/>
  <testcase name="When_guardarEstudiante_Then_returnTrue()" classname="com.example.sistemaedu.logica.EstudianteServiceTest" time="0.003"/>
  <testcase name="Given_edadInvalidoMenorA0_When_guardarEstudiante_Then_throwIllegalArgumentException()" classname="com.example.sistemaedu.logica.EstudianteServiceTest" time="0.003"/>
  <system-out><![CDATA[]]></system-out>
  <system-err><![CDATA[]]></system-err>
</testsuite>
